Determining if the pthread_create exist failed with the following output:
Change Dir: /home/workspace/SFND_Unscented_Kalman_Filter/build/CMakeFiles/CMakeTmp

Run Build Command:"/usr/bin/make" "cmTC_0abfd/fast"
/usr/bin/make -f CMakeFiles/cmTC_0abfd.dir/build.make CMakeFiles/cmTC_0abfd.dir/build
make[1]: Entering directory '/home/workspace/SFND_Unscented_Kalman_Filter/build/CMakeFiles/CMakeTmp'
Building C object CMakeFiles/cmTC_0abfd.dir/CheckSymbolExists.c.o
/usr/bin/cc    -o CMakeFiles/cmTC_0abfd.dir/CheckSymbolExists.c.o   -c /home/workspace/SFND_Unscented_Kalman_Filter/build/CMakeFiles/CMakeTmp/CheckSymbolExists.c
Linking C executable cmTC_0abfd
/usr/local/bin/cmake -E cmake_link_script CMakeFiles/cmTC_0abfd.dir/link.txt --verbose=1
/usr/bin/cc      -rdynamic CMakeFiles/cmTC_0abfd.dir/CheckSymbolExists.c.o  -o cmTC_0abfd 
CMakeFiles/cmTC_0abfd.dir/CheckSymbolExists.c.o: In function `main':
CheckSymbolExists.c:(.text+0x16): undefined reference to `pthread_create'
collect2: error: ld returned 1 exit status
CMakeFiles/cmTC_0abfd.dir/build.make:86: recipe for target 'cmTC_0abfd' failed
make[1]: *** [cmTC_0abfd] Error 1
make[1]: Leaving directory '/home/workspace/SFND_Unscented_Kalman_Filter/build/CMakeFiles/CMakeTmp'
Makefile:121: recipe for target 'cmTC_0abfd/fast' failed
make: *** [cmTC_0abfd/fast] Error 2

File /home/workspace/SFND_Unscented_Kalman_Filter/build/CMakeFiles/CMakeTmp/CheckSymbolExists.c:
/* */
#include <pthread.h>

int main(int argc, char** argv)
{
  (void)argv;
#ifndef pthread_create
  return ((int*)(&pthread_create))[argc];
#else
  (void)argc;
  return 0;
#endif
}

Determining if the function pthread_create exists in the pthreads failed with the following output:
Change Dir: /home/workspace/SFND_Unscented_Kalman_Filter/build/CMakeFiles/CMakeTmp

Run Build Command:"/usr/bin/make" "cmTC_a35fc/fast"
/usr/bin/make -f CMakeFiles/cmTC_a35fc.dir/build.make CMakeFiles/cmTC_a35fc.dir/build
make[1]: Entering directory '/home/workspace/SFND_Unscented_Kalman_Filter/build/CMakeFiles/CMakeTmp'
Building C object CMakeFiles/cmTC_a35fc.dir/CheckFunctionExists.c.o
/usr/bin/cc   -DCHECK_FUNCTION_EXISTS=pthread_create   -o CMakeFiles/cmTC_a35fc.dir/CheckFunctionExists.c.o   -c /usr/local/share/cmake-3.13/Modules/CheckFunctionExists.c
Linking C executable cmTC_a35fc
/usr/local/bin/cmake -E cmake_link_script CMakeFiles/cmTC_a35fc.dir/link.txt --verbose=1
/usr/bin/cc  -DCHECK_FUNCTION_EXISTS=pthread_create    -rdynamic CMakeFiles/cmTC_a35fc.dir/CheckFunctionExists.c.o  -o cmTC_a35fc -lpthreads 
/usr/bin/ld: cannot find -lpthreads
collect2: error: ld returned 1 exit status
CMakeFiles/cmTC_a35fc.dir/build.make:86: recipe for target 'cmTC_a35fc' failed
make[1]: *** [cmTC_a35fc] Error 1
make[1]: Leaving directory '/home/workspace/SFND_Unscented_Kalman_Filter/build/CMakeFiles/CMakeTmp'
Makefile:121: recipe for target 'cmTC_a35fc/fast' failed
make: *** [cmTC_a35fc/fast] Error 2


